<?xml version="1.0" encoding="UTF-8"?>
<!-- Generated by org.testng.reporters.JUnitXMLReporter -->
<testsuite hostname="Neerupas-MBP-2.hsd1.ca.comcast.net" name="Test" tests="6" failures="0" timestamp="21 Feb 2019 06:19:37 GMT" time="37.76" errors="0">
  <testcase name="selectBundleTest" time="0.208" classname="scripts.MainPageTest"/>
  <testcase name="selectBundleTest" time="0.208" classname="scripts.MainPageTest"/>
  <testcase name="findDeals" time="16.568" classname="scripts.MainPageTest"/>
  <testcase name="findDeals" time="16.568" classname="scripts.MainPageTest"/>
  <testcase name="checkResults" time="8.668" classname="scripts.ResultsTest"/>
  <testcase name="checkResults" time="8.668" classname="scripts.ResultsTest"/>
</testsuite> <!-- Test -->
