<?xml version="1.0" encoding="UTF-8"?>
<testng-results skipped="0" failed="0" total="1" passed="1">
  <reporter-output>
  </reporter-output>
  <suite name="Default suite" duration-ms="47" started-at="2019-02-21T06:42:56Z" finished-at="2019-02-21T06:42:56Z">
    <groups>
    </groups>
    <test name="Default test" duration-ms="47" started-at="2019-02-21T06:42:56Z" finished-at="2019-02-21T06:42:56Z">
      <class name="javatest.DistanceBetweenNumbersTest">
        <test-method status="PASS" signature="checkDistance()[pri:0, instance:javatest.DistanceBetweenNumbersTest@1e88b3c]" name="checkDistance" duration-ms="18" started-at="2019-02-20T22:42:56Z" finished-at="2019-02-20T22:42:56Z">
          <reporter-output>
          </reporter-output>
        </test-method> <!-- checkDistance -->
      </class> <!-- javatest.DistanceBetweenNumbersTest -->
    </test> <!-- Default test -->
  </suite> <!-- Default suite -->
</testng-results>
